<?xml version="1.0" encoding="UTF-8"?>
<!-- Generated by org.testng.reporters.JUnitReportReporter -->
<testsuite hostname="mistyche-MS-1688" name="oa.selenium.FrameworkClean.tests.SmokeTest" tests="3" failures="0" timestamp="6 Sep 2015 17:08:02 GMT" time="2.225" errors="0">
  <testcase name="SmokeTest2" time="1.000" classname="oa.selenium.FrameworkClean.tests.SmokeTest"/>
  <testcase name="SmokeTest3" time="0.843" classname="oa.selenium.FrameworkClean.tests.SmokeTest"/>
  <testcase name="SmokeTest1" time="0.382" classname="oa.selenium.FrameworkClean.tests.SmokeTest"/>
</testsuite> <!-- oa.selenium.FrameworkClean.tests.SmokeTest -->
