<?xml version="1.0" encoding="UTF-8"?>
<!-- Generated by org.testng.reporters.JUnitReportReporter -->
<testsuite hostname="mistyche-MS-1688" name="oa.selenium.FrameworkClean.tests.FanctionalTest" tests="4" failures="0" timestamp="9 Sep 2015 11:33:43 GMT" time="7.001" errors="0">
  <testcase name="minusTest" time="1.619" classname="oa.selenium.FrameworkClean.tests.FanctionalTest"/>
  <testcase name="plusTest" time="1.731" classname="oa.selenium.FrameworkClean.tests.FanctionalTest"/>
  <testcase name="divisionTest" time="1.914" classname="oa.selenium.FrameworkClean.tests.FanctionalTest"/>
  <testcase name="multTest" time="1.737" classname="oa.selenium.FrameworkClean.tests.FanctionalTest"/>
</testsuite> <!-- oa.selenium.FrameworkClean.tests.FanctionalTest -->
