<?xml version="1.0" encoding="UTF-8"?>
<!-- Generated by org.testng.reporters.JUnitReportReporter -->
<testsuite hostname="mistyche-MS-1688" name="oa.selenium.FrameworkClean.tests.SmokeTest" tests="3" failures="0" timestamp="9 Sep 2015 11:33:43 GMT" time="2.509" errors="0">
  <testcase name="SmokeTest3" time="0.940" classname="oa.selenium.FrameworkClean.tests.SmokeTest"/>
  <testcase name="SmokeTest2" time="1.089" classname="oa.selenium.FrameworkClean.tests.SmokeTest"/>
  <testcase name="SmokeTest1" time="0.480" classname="oa.selenium.FrameworkClean.tests.SmokeTest"/>
</testsuite> <!-- oa.selenium.FrameworkClean.tests.SmokeTest -->
