<?xml version="1.0" encoding="UTF-8"?>
<!-- Generated by org.testng.reporters.JUnitReportReporter -->
<testsuite hostname="mistyche-MS-1688" name="oa.selenium.FrameworkClean.tests.FanctionalTest" tests="4" failures="0" timestamp="30 Aug 2015 07:05:39 GMT" time="8.861" errors="0">
  <testcase name="multTest" time="1.843" classname="oa.selenium.FrameworkClean.tests.FanctionalTest"/>
  <testcase name="divisionTest" time="3.166" classname="oa.selenium.FrameworkClean.tests.FanctionalTest"/>
  <testcase name="plusTest" time="1.770" classname="oa.selenium.FrameworkClean.tests.FanctionalTest"/>
  <testcase name="minusTest" time="2.082" classname="oa.selenium.FrameworkClean.tests.FanctionalTest"/>
</testsuite> <!-- oa.selenium.FrameworkClean.tests.FanctionalTest -->
