<?xml version="1.0" encoding="UTF-8"?>
<!-- Generated by org.testng.reporters.JUnitReportReporter -->
<testsuite hostname="mistyche-MS-1688" name="oa.selenium.FrameworkClean.tests.SmokeTest" tests="3" failures="0" timestamp="30 Aug 2015 07:05:39 GMT" time="4.476" errors="0">
  <testcase name="SmokeTest3" time="1.039" classname="oa.selenium.FrameworkClean.tests.SmokeTest"/>
  <testcase name="SmokeTest2" time="2.535" classname="oa.selenium.FrameworkClean.tests.SmokeTest"/>
  <testcase name="SmokeTest1" time="0.902" classname="oa.selenium.FrameworkClean.tests.SmokeTest"/>
</testsuite> <!-- oa.selenium.FrameworkClean.tests.SmokeTest -->
