<?xml version="1.0" encoding="UTF-8"?>
<!-- Generated by org.testng.reporters.JUnitReportReporter -->
<testsuite hostname="mistyche-MS-1688" name="oa.selenium.FrameworkClean.tests.FanctionalTest" tests="4" failures="0" timestamp="6 Sep 2015 17:08:02 GMT" time="6.933" errors="0">
  <testcase name="plusTest" time="1.670" classname="oa.selenium.FrameworkClean.tests.FanctionalTest"/>
  <testcase name="minusTest" time="1.782" classname="oa.selenium.FrameworkClean.tests.FanctionalTest"/>
  <testcase name="multTest" time="1.673" classname="oa.selenium.FrameworkClean.tests.FanctionalTest"/>
  <testcase name="divisionTest" time="1.808" classname="oa.selenium.FrameworkClean.tests.FanctionalTest"/>
</testsuite> <!-- oa.selenium.FrameworkClean.tests.FanctionalTest -->
