<?xml version="1.0" encoding="UTF-8"?>
<!-- Generated by org.testng.reporters.JUnitReportReporter -->
<testsuite hostname="mistyche-MS-1688" name="oa.selenium.FrameworkClean.tests.SmokeTest" tests="3" failures="0" timestamp="6 Sep 2015 16:57:07 GMT" time="2.209" errors="0">
  <testcase name="SmokeTest3" time="0.860" classname="oa.selenium.FrameworkClean.tests.SmokeTest"/>
  <testcase name="SmokeTest1" time="0.379" classname="oa.selenium.FrameworkClean.tests.SmokeTest"/>
  <testcase name="SmokeTest2" time="0.970" classname="oa.selenium.FrameworkClean.tests.SmokeTest"/>
</testsuite> <!-- oa.selenium.FrameworkClean.tests.SmokeTest -->
