<?xml version="1.0" encoding="UTF-8"?>
<!-- Generated by org.testng.reporters.JUnitReportReporter -->
<testsuite hostname="mistyche-MS-1688" name="oa.selenium.FrameworkClean.tests.FanctionalTest" tests="4" failures="0" timestamp="6 Sep 2015 16:57:07 GMT" time="7.302" errors="0">
  <testcase name="multTest" time="1.814" classname="oa.selenium.FrameworkClean.tests.FanctionalTest"/>
  <testcase name="plusTest" time="1.881" classname="oa.selenium.FrameworkClean.tests.FanctionalTest"/>
  <testcase name="divisionTest" time="1.854" classname="oa.selenium.FrameworkClean.tests.FanctionalTest"/>
  <testcase name="minusTest" time="1.753" classname="oa.selenium.FrameworkClean.tests.FanctionalTest"/>
</testsuite> <!-- oa.selenium.FrameworkClean.tests.FanctionalTest -->
